mode: count
github.com/stone-payments/gcd/worker/worker.go:31.70,33.16 2 10
github.com/stone-payments/gcd/worker/worker.go:37.2,37.18 1 9
github.com/stone-payments/gcd/worker/worker.go:33.16,35.3 1 1
github.com/stone-payments/gcd/worker/worker.go:40.62,42.16 2 10
github.com/stone-payments/gcd/worker/worker.go:46.2,46.14 1 9
github.com/stone-payments/gcd/worker/worker.go:42.16,44.3 1 1
github.com/stone-payments/gcd/worker/worker.go:49.91,50.34 1 10
github.com/stone-payments/gcd/worker/worker.go:67.2,67.11 1 10
github.com/stone-payments/gcd/worker/worker.go:50.34,52.72 2 8
github.com/stone-payments/gcd/worker/worker.go:52.72,54.18 2 7
github.com/stone-payments/gcd/worker/worker.go:54.18,56.5 1 5
github.com/stone-payments/gcd/worker/worker.go:56.5,57.11 1 2
github.com/stone-payments/gcd/worker/worker.go:57.11,59.6 1 1
github.com/stone-payments/gcd/worker/worker.go:59.6,61.6 1 1
github.com/stone-payments/gcd/worker/worker.go:63.4,65.4 1 1
github.com/stone-payments/gcd/worker/worker.go:70.79,71.63 1 4
github.com/stone-payments/gcd/worker/worker.go:76.2,76.11 1 4
github.com/stone-payments/gcd/worker/worker.go:71.63,73.3 1 1
github.com/stone-payments/gcd/worker/worker.go:73.3,75.3 1 3
github.com/stone-payments/gcd/worker/worker.go:79.35,88.9 6 6
github.com/stone-payments/gcd/worker/worker.go:89.36,93.10 4 5
github.com/stone-payments/gcd/worker/worker.go:143.37,144.49 1 1
github.com/stone-payments/gcd/worker/worker.go:94.29,99.41 4 4
github.com/stone-payments/gcd/worker/worker.go:104.4,104.28 1 4
github.com/stone-payments/gcd/worker/worker.go:109.4,109.11 1 4
github.com/stone-payments/gcd/worker/worker.go:116.4,116.24 1 4
github.com/stone-payments/gcd/worker/worker.go:139.38,140.46 1 1
github.com/stone-payments/gcd/worker/worker.go:99.41,102.5 2 2
github.com/stone-payments/gcd/worker/worker.go:104.28,107.5 2 4
github.com/stone-payments/gcd/worker/worker.go:110.27,111.53 1 4
github.com/stone-payments/gcd/worker/worker.go:112.39,113.62 1 0
github.com/stone-payments/gcd/worker/worker.go:116.24,119.34 3 3
github.com/stone-payments/gcd/worker/worker.go:124.5,124.29 1 3
github.com/stone-payments/gcd/worker/worker.go:129.5,129.12 1 3
github.com/stone-payments/gcd/worker/worker.go:119.34,122.6 2 2
github.com/stone-payments/gcd/worker/worker.go:124.29,127.6 2 3
github.com/stone-payments/gcd/worker/worker.go:130.24,131.50 1 3
github.com/stone-payments/gcd/worker/worker.go:132.40,133.59 1 0
github.com/stone-payments/gcd/worker/worker.go:135.5,137.5 1 1
github.com/stone-payments/gcd/worker/worker.go:148.47,150.2 1 1
github.com/stone-payments/gcd/worker/worker.go:152.109,159.2 1 25
